date: "2015-02-27 17:35:49.775"
argv: node /usr/local/node/bin/hexo s -g
os: Linux 2.6.32-504.3.3.el6.x86_64 linux x64
versions:
  http_parser: "1.0"
  node: 0.10.29
  v8: 3.14.5.9
  ares: 1.9.0-DEV
  uv: 0.10.27
  zlib: 1.2.3
  modules: "11"
  openssl: 1.0.1h
  hexo: 2.8.3
---
[debug] 17:35:49.322 Config file loaded from /home/yantze/workspace/pages/_config.yml[debug] 17:35:49.325 Version info checked successfully[debug] 17:35:49.345 Loading database.[debug] 17:35:49.393 Processed: draft.md (2ms)[debug] 17:35:49.393 Processed: page.md (1ms)[debug] 17:35:49.395 Processed: photo.md (3ms)[debug] 17:35:49.395 Processed: post.md (3ms)[debug] 17:35:49.402 Plugin loaded successfully: hexo-generator-feed[debug] 17:35:49.412 Plugin loaded successfully: hexo-generator-sitemap[debug] 17:35:49.427 Plugin loaded successfully: hexo-renderer-ejs[debug] 17:35:49.449 Plugin loaded successfully: hexo-renderer-marked[debug] 17:35:49.637 Plugin loaded successfully: hexo-renderer-stylus[debug] 17:35:49.659 Processed: 404.html (4ms)[debug] 17:35:49.659 Processed: about.md (0ms)[debug] 17:35:49.660 Processed: atom.xml (1ms)[debug] 17:35:49.660 Processed: favicon.ico (0ms)[debug] 17:35:49.664 Processed: _posts/bookmark.md (4ms)[debug] 17:35:49.665 Processed: _posts/git.md (1ms)[debug] 17:35:49.670 Processed: _posts/glossary.md (5ms)[debug] 17:35:49.671 Processed: _posts/interest_algorithm.md (1ms)[debug] 17:35:49.672 Processed: _posts/selinux.md (1ms)[debug] 17:35:49.673 Processed: _posts/vim.md (1ms)[debug] 17:35:49.674 Processed: _posts/workflow.md (1ms)[debug] 17:35:49.674 Processed: _posts/yafandrequirejs.md (0ms)[debug] 17:35:49.674 Processed: image/add_bookmark_item.png (0ms)[debug] 17:35:49.675 Processed: image/babun.png (1ms)[debug] 17:35:49.675 Processed: image/cmder.png (0ms)[debug] 17:35:49.675 Processed: image/putty_desktop.png (0ms)[debug] 17:35:49.675 Processed: image/putty_html.png (0ms)[debug] 17:35:49.687 Processed: source/js/script.js (0ms)[debug] 17:35:49.687 Processed: source/css/style.styl (0ms)[debug] 17:35:49.687 Processed: source/css/_bass/extend.styl (0ms)[debug] 17:35:49.687 Processed: source/css/_bass/syntax.styl (0ms)[debug] 17:35:49.687 Processed: source/css/_bass/variables.styl (0ms)[debug] 17:35:49.687 Processed: source/css/_partial/archives.styl (0ms)[debug] 17:35:49.688 Processed: source/css/_partial/article.styl (1ms)[debug] 17:35:49.688 Processed: source/css/_partial/footer.styl (0ms)[debug] 17:35:49.688 Processed: source/css/_partial/header.styl (0ms)[debug] 17:35:49.688 Processed: source/fancybox/blank.gif (0ms)[debug] 17:35:49.688 Processed: source/fancybox/fancybox_loading.gif (0ms)[debug] 17:35:49.688 Processed: source/fancybox/fancybox_loading@2x.gif (0ms)[debug] 17:35:49.688 Processed: source/fancybox/fancybox_overlay.png (0ms)[debug] 17:35:49.688 Processed: source/fancybox/fancybox_sprite.png (0ms)[debug] 17:35:49.689 Processed: source/fancybox/fancybox_sprite@2x.png (1ms)[debug] 17:35:49.689 Processed: source/fancybox/jquery.fancybox.css (0ms)[debug] 17:35:49.689 Processed: source/fancybox/jquery.fancybox.js (0ms)[debug] 17:35:49.689 Processed: source/fancybox/jquery.fancybox.pack.js (0ms)[debug] 17:35:49.690 Processed: source/fancybox/helpers/fancybox_buttons.png (1ms)[debug] 17:35:49.690 Processed: source/fancybox/helpers/jquery.fancybox-buttons.css (0ms)[debug] 17:35:49.690 Processed: source/fancybox/helpers/jquery.fancybox-buttons.js (0ms)[debug] 17:35:49.690 Processed: source/fancybox/helpers/jquery.fancybox-media.js (0ms)[debug] 17:35:49.691 Processed: source/fancybox/helpers/jquery.fancybox-thumbs.css (1ms)[debug] 17:35:49.691 Processed: source/fancybox/helpers/jquery.fancybox-thumbs.js (0ms)[debug] 17:35:49.696 Processed: layout/archive.ejs (13ms)[debug] 17:35:49.696 Processed: layout/category.ejs (13ms)[debug] 17:35:49.696 Processed: layout/index.ejs (13ms)[debug] 17:35:49.696 Processed: layout/layout.ejs (11ms)[debug] 17:35:49.696 Processed: layout/page.ejs (11ms)[debug] 17:35:49.696 Processed: layout/post.ejs (11ms)[debug] 17:35:49.696 Processed: layout/tag.ejs (11ms)[debug] 17:35:49.696 Processed: layout/_widget/archive.ejs (11ms)[debug] 17:35:49.696 Processed: layout/_widget/category.ejs (11ms)[debug] 17:35:49.696 Processed: layout/_widget/recent_posts.ejs (11ms)[debug] 17:35:49.696 Processed: layout/_widget/tag.ejs (11ms)[debug] 17:35:49.696 Processed: layout/_widget/tagcloud.ejs (11ms)[debug] 17:35:49.696 Processed: layout/_partial/after-footer.ejs (11ms)[debug] 17:35:49.696 Processed: layout/_partial/archive-post.ejs (11ms)[debug] 17:35:49.696 Processed: layout/_partial/archive.ejs (11ms)[debug] 17:35:49.696 Processed: layout/_partial/article.ejs (10ms)[debug] 17:35:49.696 Processed: layout/_partial/footer.ejs (10ms)[debug] 17:35:49.697 Processed: layout/_partial/google-analytics.ejs (11ms)[debug] 17:35:49.697 Processed: layout/_partial/head.ejs (11ms)[debug] 17:35:49.697 Processed: layout/_partial/header.ejs (11ms)[debug] 17:35:49.697 Processed: layout/_partial/mobile-nav.ejs (11ms)[debug] 17:35:49.697 Processed: layout/_partial/sidebar.ejs (11ms)[debug] 17:35:49.697 Processed: layout/_partial/post/category.ejs (11ms)[debug] 17:35:49.697 Processed: layout/_partial/post/date.ejs (11ms)[debug] 17:35:49.697 Processed: layout/_partial/post/gallery.ejs (11ms)[debug] 17:35:49.697 Processed: layout/_partial/post/nav.ejs (11ms)[debug] 17:35:49.697 Processed: layout/_partial/post/tag.ejs (11ms)[debug] 17:35:49.697 Processed: layout/_partial/post/title.ejs (10ms)[debug] 17:35:49.698 Theme config loaded[debug] 17:35:49.698 Processed: _config.yml (15ms)[debug] 17:35:49.705 Generator: archive (1ms)[debug] 17:35:49.709 Generator: category (4ms)[debug] 17:35:49.715 Generator: home (6ms)[debug] 17:35:49.715 Generator: page (0ms)[debug] 17:35:49.726 Generator: post (11ms)[debug] 17:35:49.737 Generator: tag (11ms)[debug] 17:35:49.755 Generator: feed (14ms)[debug] 17:35:49.760 Generator: sitemap (5ms)[debug] 17:35:49.761 Generator: asset (23ms)[error] 17:35:49.766 HexoError: Port 4000 has been used. Try other port instead.
Error: listen EADDRINUSE
    at errnoException (net.js:904:11)
    at Server._listen2 (net.js:1042:14)
    at listen (net.js:1064:10)
    at net.js:1146:9
    at dns.js:72:18
    at process._tickDomainCallback (node.js:463:13)
